[INFO ] 2020-05-10 00:09:54.807 [main] Log4jDemo - This is information message
[ERROR] 2020-05-10 00:09:54.811 [main] Log4jDemo - This is error message
[WARN ] 2020-05-10 00:09:54.814 [main] Log4jDemo - This is warning message
[FATAL] 2020-05-10 00:09:54.815 [main] Log4jDemo - This is fatal message
[INFO ] 2020-05-10 00:11:40.387 [main] Log4jDemo - This is information message
[ERROR] 2020-05-10 00:11:40.391 [main] Log4jDemo - This is error message
[WARN ] 2020-05-10 00:11:40.391 [main] Log4jDemo - This is warning message
[FATAL] 2020-05-10 00:11:40.391 [main] Log4jDemo - This is fatal message
[TRACE] 2020-05-10 00:23:11.935 [main] Log4jDemo - This is trace message
[INFO ] 2020-05-10 00:23:11.942 [main] Log4jDemo - This is information message
[ERROR] 2020-05-10 00:23:11.945 [main] Log4jDemo - This is error message
[WARN ] 2020-05-10 00:23:11.945 [main] Log4jDemo - This is warning message
[FATAL] 2020-05-10 00:23:11.946 [main] Log4jDemo - This is fatal message
[TRACE] 2020-05-10 01:07:53.795 [main] Log4jDemo - This is trace message
[INFO ] 2020-05-10 01:07:53.800 [main] Log4jDemo - This is information message
[ERROR] 2020-05-10 01:07:53.800 [main] Log4jDemo - This is error message
[WARN ] 2020-05-10 01:07:53.800 [main] Log4jDemo - This is warning message
[FATAL] 2020-05-10 01:07:53.800 [main] Log4jDemo - This is fatal message
[INFO ] 2020-05-10 01:21:07.350 [main] Log4jDemoWithLog4jXML - this is info message
[WARN ] 2020-05-10 01:21:07.359 [main] Log4jDemoWithLog4jXML - this is warn message
[INFO ] 2020-05-10 01:36:25.846 [main] Log4jDemoWithLog4jXML - this is info message
[WARN ] 2020-05-10 01:36:25.850 [main] Log4jDemoWithLog4jXML - this is warn message
[INFO ] 2020-05-10 01:38:40.298 [main] Log4jDemoWithLog4jXML - this is info message
[WARN ] 2020-05-10 01:38:40.303 [main] Log4jDemoWithLog4jXML - this is warn message
[INFO ] 2020-05-10 01:45:21.444 [main] Log4jDemoWithLog4jXML - this is info message
[WARN ] 2020-05-10 01:45:21.448 [main] Log4jDemoWithLog4jXML - this is warn message
[INFO ] 2020-05-10 01:50:27.579 [main] Log4jDemoWithLog4jXML - this is info message
[WARN ] 2020-05-10 01:50:27.585 [main] Log4jDemoWithLog4jXML - this is warn message
[INFO ] 2020-05-10 02:00:53.659 [main] Log4jDemoWithLog4jXML - this is info message
[WARN ] 2020-05-10 02:00:54.382 [main] Log4jDemoWithLog4jXML - this is warn message
[TRACE] 2020-06-09 13:28:33.050 [main] Log4jDemo - This is trace message
[INFO ] 2020-06-09 13:28:33.062 [main] Log4jDemo - This is information message
[ERROR] 2020-06-09 13:28:33.062 [main] Log4jDemo - This is error message
[WARN ] 2020-06-09 13:28:33.062 [main] Log4jDemo - This is warning message
[FATAL] 2020-06-09 13:28:33.062 [main] Log4jDemo - This is fatal message
